hi
Waiting for 60 tasks to complete...
Waiting for 60 tasks to complete...
Waiting for 60 tasks to complete...
Waiting for 59 tasks to complete...
Waiting for 57 tasks to complete...
Waiting for 57 tasks to complete...
Waiting for 56 tasks to complete...
Waiting for 54 tasks to complete...
Waiting for 54 tasks to complete...
Waiting for 53 tasks to complete...
Waiting for 51 tasks to complete...
Waiting for 51 tasks to complete...
Waiting for 49 tasks to complete...
Waiting for 48 tasks to complete...
Waiting for 48 tasks to complete...
Waiting for 46 tasks to complete...
Waiting for 45 tasks to complete...
Waiting for 45 tasks to complete...
Waiting for 43 tasks to complete...
Waiting for 42 tasks to complete...
Waiting for 42 tasks to complete...
Waiting for 39 tasks to complete...
Waiting for 39 tasks to complete...
Waiting for 39 tasks to complete...
Waiting for 36 tasks to complete...
Waiting for 36 tasks to complete...
Waiting for 36 tasks to complete...
Waiting for 33 tasks to complete...
Waiting for 33 tasks to complete...
Waiting for 33 tasks to complete...
Waiting for 31 tasks to complete...
Waiting for 30 tasks to complete...
Waiting for 30 tasks to complete...
Waiting for 28 tasks to complete...
Waiting for 27 tasks to complete...
Waiting for 27 tasks to complete...
Waiting for 25 tasks to complete...
Waiting for 24 tasks to complete...
Waiting for 24 tasks to complete...
Waiting for 21 tasks to complete...
Waiting for 21 tasks to complete...
Waiting for 21 tasks to complete...
Waiting for 19 tasks to complete...
Waiting for 18 tasks to complete...
Waiting for 18 tasks to complete...
Waiting for 16 tasks to complete...
Waiting for 15 tasks to complete...
Waiting for 15 tasks to complete...
Waiting for 12 tasks to complete...
Waiting for 12 tasks to complete...
Waiting for 12 tasks to complete...
Waiting for 10 tasks to complete...
Waiting for 9 tasks to complete...
Waiting for 8 tasks to complete...
Waiting for 6 tasks to complete...
Waiting for 6 tasks to complete...
Waiting for 5 tasks to complete...
Waiting for 3 tasks to complete...
Waiting for 3 tasks to complete...
Waiting for 2 tasks to complete...
pyparse err  CONSTRUCT { <http://dbpedia.org/resource/Diane_Fletcher> <http://www.w3.org/1999/02/22-rdf-syntax-ns#type> ?x1 . <http://dbpedia.org/resource/Diane_Fletcher> <http://www.w3.org/2000/01/rdf-schema#label> ?x2 . }WHERE { { <http://dbpedia.org/resource/Diane_Fletcher> <http://www.w3.org/1999/02/22-rdf-syntax-ns#type> ?x1 . } UNION { <http://dbpedia.org/resource/Diane_Fletcher> <http://www.w3.org/2000/01/rdf-schema#label> ?x2 . } }
algebra_structure_feature_vector err <type 'exceptions.TypeError'>
pyparse err  CONSTRUCT { <http://dbpedia.org/resource/Diane_Fletcher> <http://www.w3.org/1999/02/22-rdf-syntax-ns#type> ?x1 . <http://dbpedia.org/resource/Diane_Fletcher> <http://www.w3.org/2000/01/rdf-schema#label> ?x2 . }WHERE { { <http://dbpedia.org/resource/Diane_Fletcher> <http://www.w3.org/1999/02/22-rdf-syntax-ns#type> ?x1 . } UNION { <http://dbpedia.org/resource/Diane_Fletcher> <http://www.w3.org/2000/01/rdf-schema#label> ?x2 . } }
pyparse err  CONSTRUCT { <http://dbpedia.org/resource/Saif_Salman> <http://www.w3.org/1999/02/22-rdf-syntax-ns#type> ?x1 . <http://dbpedia.org/resource/Saif_Salman> <http://www.w3.org/2000/01/rdf-schema#label> ?x2 . }WHERE { { <http://dbpedia.org/resource/Saif_Salman> <http://www.w3.org/1999/02/22-rdf-syntax-ns#type> ?x1 . } UNION { <http://dbpedia.org/resource/Saif_Salman> <http://www.w3.org/2000/01/rdf-schema#label> ?x2 . } }
algebra_structure_feature_vector err <type 'exceptions.TypeError'>
pyparse err  CONSTRUCT { <http://dbpedia.org/resource/Saif_Salman> <http://www.w3.org/1999/02/22-rdf-syntax-ns#type> ?x1 . <http://dbpedia.org/resource/Saif_Salman> <http://www.w3.org/2000/01/rdf-schema#label> ?x2 . }WHERE { { <http://dbpedia.org/resource/Saif_Salman> <http://www.w3.org/1999/02/22-rdf-syntax-ns#type> ?x1 . } UNION { <http://dbpedia.org/resource/Saif_Salman> <http://www.w3.org/2000/01/rdf-schema#label> ?x2 . } }
pyparse err  PREFIX dbpedia: <http://dbpedia.org/resource/> PREFIX dbpedia-owl: <http://dbpedia.org/ontology/> PREFIX rdfs: <http://www.w3.org/2000/01/rdf-schema#> PREFIX foaf: <http://xmlns.com/foaf/0.1/> SELECT ?abstract ?comment ?image ?wikipedia WHERE { dbpedia:Renal_corpuscle rdfs:comment ?comment . dbpedia:Renal_corpuscle dbpedia-owl:abstract ?abstract . dbpedia:Renal_corpuscle foaf:isPrimaryTopicOf ?wikipedia . OPTIONAL { dbpedia:Renal_corpuscle foaf:depiction ?image . } FILTER (LANG(?abstract)='en' && LANG(?comment)='en') }
algebra_structure_feature_vector err <type 'exceptions.TypeError'>
pyparse err  PREFIX dbpedia: <http://dbpedia.org/resource/> PREFIX dbpedia-owl: <http://dbpedia.org/ontology/> PREFIX rdfs: <http://www.w3.org/2000/01/rdf-schema#> PREFIX foaf: <http://xmlns.com/foaf/0.1/> SELECT ?abstract ?comment ?image ?wikipedia WHERE { dbpedia:Renal_corpuscle rdfs:comment ?comment . dbpedia:Renal_corpuscle dbpedia-owl:abstract ?abstract . dbpedia:Renal_corpuscle foaf:isPrimaryTopicOf ?wikipedia . OPTIONAL { dbpedia:Renal_corpuscle foaf:depiction ?image . } FILTER (LANG(?abstract)='en' && LANG(?comment)='en') }
pyparse err  CONSTRUCT  { ?subject ?predicate ?object } WHERE { ?subject ?predicate ?object . FILTER (  ?subject = <http://dbpedia.org/resource/Caulfield_South,_Victoria> || ?object = <http://dbpedia.org/resource/Caulfield_South,_Victoria>) }
algebra_structure_feature_vector err <type 'exceptions.TypeError'>
pyparse err  CONSTRUCT  { ?subject ?predicate ?object } WHERE { ?subject ?predicate ?object . FILTER (  ?subject = <http://dbpedia.org/resource/Caulfield_South,_Victoria> || ?object = <http://dbpedia.org/resource/Caulfield_South,_Victoria>) }
pyparse err  CONSTRUCT  { ?subject ?predicate ?object } WHERE { ?subject ?predicate ?object . FILTER (  ?subject = <http://dbpedia.org/resource/Maren_Kroymann> || ?object = <http://dbpedia.org/resource/Maren_Kroymann>) }
algebra_structure_feature_vector err <type 'exceptions.TypeError'>
pyparse err  CONSTRUCT  { ?subject ?predicate ?object } WHERE { ?subject ?predicate ?object . FILTER (  ?subject = <http://dbpedia.org/resource/Maren_Kroymann> || ?object = <http://dbpedia.org/resource/Maren_Kroymann>) }
pyparse err  SELECT ?v WHERE { <http://dbpedia.org/resource/Dominican_Republic> <http://dbpedia.org/property/populationCensus> ?v . } LIMIT 1
algebra_structure_feature_vector err <type 'exceptions.TypeError'>
pyparse err  SELECT ?v WHERE { <http://dbpedia.org/resource/Dominican_Republic> <http://dbpedia.org/property/populationCensus> ?v . } LIMIT 1
pyparse err  PREFIX dbpedia-de: <http://de.dbpedia.org/resource/> PREFIX dbpedia-owl: <http://dbpedia.org/ontology/> PREFIX dbpedia-fr: <http://fr.dbpedia.org/resource/> PREFIX owl: <http://www.w3.org/2002/07/owl#> PREFIX dcterms: <http://purl.org/dc/terms/> PREFIX dbpedia: <http://dbpedia.org/resource/> PREFIX dbpprop: <http://dbpedia.org/property/> PREFIX foaf: <http://xmlns.com/foaf/0.1/> SELECT ?resWHERE { dbpedia:Probability_density_function dbpedia-owl:abstract ?res FILTER langMatches(lang(?res), \"en\") }
algebra_structure_feature_vector err <type 'exceptions.TypeError'>
pyparse err  PREFIX dbpedia-de: <http://de.dbpedia.org/resource/> PREFIX dbpedia-owl: <http://dbpedia.org/ontology/> PREFIX dbpedia-fr: <http://fr.dbpedia.org/resource/> PREFIX owl: <http://www.w3.org/2002/07/owl#> PREFIX dcterms: <http://purl.org/dc/terms/> PREFIX dbpedia: <http://dbpedia.org/resource/> PREFIX dbpprop: <http://dbpedia.org/property/> PREFIX foaf: <http://xmlns.com/foaf/0.1/> SELECT ?resWHERE { dbpedia:Probability_density_function dbpedia-owl:abstract ?res FILTER langMatches(lang(?res), \"en\") }
pyparse err  CONSTRUCT  { ?subject ?predicate ?object } WHERE { ?subject ?predicate ?object . FILTER (  ?subject = <http://dbpedia.org/resource/Category:Education_in_Cheyenne_County,_Nebraska> || ?object = <http://dbpedia.org/resource/Category:Education_in_Cheyenne_County,_Nebraska>) }
algebra_structure_feature_vector err <type 'exceptions.TypeError'>
pyparse err  CONSTRUCT  { ?subject ?predicate ?object } WHERE { ?subject ?predicate ?object . FILTER (  ?subject = <http://dbpedia.org/resource/Category:Education_in_Cheyenne_County,_Nebraska> || ?object = <http://dbpedia.org/resource/Category:Education_in_Cheyenne_County,_Nebraska>) }
pyparse err  CONSTRUCT  { ?subject ?predicate ?object } WHERE { ?subject ?predicate ?object . FILTER (  ?subject = <http://dbpedia.org/resource/Kiama,_New_South_Wales> || ?object = <http://dbpedia.org/resource/Kiama,_New_South_Wales>) }
algebra_structure_feature_vector err <type 'exceptions.TypeError'>
pyparse err  CONSTRUCT  { ?subject ?predicate ?object } WHERE { ?subject ?predicate ?object . FILTER (  ?subject = <http://dbpedia.org/resource/Kiama,_New_South_Wales> || ?object = <http://dbpedia.org/resource/Kiama,_New_South_Wales>) }
pyparse err  CONSTRUCT  { ?subject ?predicate ?object } WHERE { ?subject ?predicate ?object . FILTER (  ?subject = <http://dbpedia.org/resource/Kavanagh_(novel)> || ?object = <http://dbpedia.org/resource/Kavanagh_(novel)>) }
algebra_structure_feature_vector err <type 'exceptions.TypeError'>
pyparse err  CONSTRUCT  { ?subject ?predicate ?object } WHERE { ?subject ?predicate ?object . FILTER (  ?subject = <http://dbpedia.org/resource/Kavanagh_(novel)> || ?object = <http://dbpedia.org/resource/Kavanagh_(novel)>) }
pyparse err  CONSTRUCT  { ?subject ?predicate ?object } WHERE { ?subject ?predicate ?object . FILTER (  ?subject = <http://dbpedia.org/resource/Category:M%C4%81ori_electorates> || ?object = <http://dbpedia.org/resource/Category:M%C4%81ori_electorates>) }
algebra_structure_feature_vector err <type 'exceptions.TypeError'>
pyparse err  CONSTRUCT  { ?subject ?predicate ?object } WHERE { ?subject ?predicate ?object . FILTER (  ?subject = <http://dbpedia.org/resource/Category:M%C4%81ori_electorates> || ?object = <http://dbpedia.org/resource/Category:M%C4%81ori_electorates>) }
pyparse err  SELECT ?v WHERE { <http://dbpedia.org/resource/Ethiopia> <http://dbpedia.org/property/populationCensus> ?v . } LIMIT 1
algebra_structure_feature_vector err <type 'exceptions.TypeError'>
pyparse err  SELECT ?v WHERE { <http://dbpedia.org/resource/Ethiopia> <http://dbpedia.org/property/populationCensus> ?v . } LIMIT 1
pyparse err  CONSTRUCT  { ?subject ?predicate ?object } WHERE { ?subject ?predicate ?object . FILTER (  ?subject = <http://dbpedia.org/resource/Lucio_Gonzaga> || ?object = <http://dbpedia.org/resource/Lucio_Gonzaga>) }
algebra_structure_feature_vector err <type 'exceptions.TypeError'>
pyparse err  CONSTRUCT  { ?subject ?predicate ?object } WHERE { ?subject ?predicate ?object . FILTER (  ?subject = <http://dbpedia.org/resource/Lucio_Gonzaga> || ?object = <http://dbpedia.org/resource/Lucio_Gonzaga>) }
pyparse err  CONSTRUCT  { ?subject ?predicate ?object } WHERE { ?subject ?predicate ?object . FILTER (  ?subject = <http://dbpedia.org/resource/Yazalde_Gomes_Pinto> || ?object = <http://dbpedia.org/resource/Yazalde_Gomes_Pinto>) }
algebra_structure_feature_vector err <type 'exceptions.TypeError'>
pyparse err  CONSTRUCT  { ?subject ?predicate ?object } WHERE { ?subject ?predicate ?object . FILTER (  ?subject = <http://dbpedia.org/resource/Yazalde_Gomes_Pinto> || ?object = <http://dbpedia.org/resource/Yazalde_Gomes_Pinto>) }
pyparse err  CONSTRUCT  { ?subject ?predicate ?object } WHERE { ?subject ?predicate ?object . FILTER (  ?subject = <http://dbpedia.org/resource/Annandale,_Queensland> || ?object = <http://dbpedia.org/resource/Annandale,_Queensland>) }
algebra_structure_feature_vector err <type 'exceptions.TypeError'>
pyparse err  CONSTRUCT  { ?subject ?predicate ?object } WHERE { ?subject ?predicate ?object . FILTER (  ?subject = <http://dbpedia.org/resource/Annandale,_Queensland> || ?object = <http://dbpedia.org/resource/Annandale,_Queensland>) }
pyparse err  CONSTRUCT  { ?subject ?predicate ?object } WHERE { ?subject ?predicate ?object . FILTER (  ?subject = <http://it.dbpedia.org/resource/Julio_Alberto_Pérez_Cuapio> || ?object = <http://it.dbpedia.org/resource/Julio_Alberto_Pérez_Cuapio>) }
algebra_structure_feature_vector err <type 'exceptions.TypeError'>
pyparse err  CONSTRUCT  { ?subject ?predicate ?object } WHERE { ?subject ?predicate ?object . FILTER (  ?subject = <http://it.dbpedia.org/resource/Julio_Alberto_Pérez_Cuapio> || ?object = <http://it.dbpedia.org/resource/Julio_Alberto_Pérez_Cuapio>) }
pyparse err  PREFIX rdfs: <http://www.w3.org/2000/01/rdf-schema#> select ?label ?abstract ?thumbnail where {?resource rdfs:label ?label ; dbpedia-owl:abstract ?abstract . OPTIONAL { ?resource dbpedia-owl:thumbnail ?thumbnail } FILTER( ?resource = <http://dbpedia.org/resource/History_of_cryptography> || ?resource = <http://dbpedia.org/resource/Cryptography> || ?resource = <http://dbpedia.org/resource/Block_size_(cryptography)> || ?resource = <http://dbpedia.org/resource/Cryptanalysis> || ?resource = <http://dbpedia.org/resource/Data_Encryption_Standard> || ?resource = <http://dbpedia.org/resource/HAVAL> || ?resource = <http://dbpedia.org/resource/George_Fabyan> || ?resource = <http://dbpedia.org/resource/Outline_of_cryptography> || ?resource = <http://dbpedia.org/resource/Books_on_cryptography> || ?resource = <http://dbpedia.org/resource/Substitution_cipher> ) filter(langMatches(lang(?abstract),\"en\")) filter(langMatches(lang(?label),\"en\"))}
algebra_structure_feature_vector err <type 'exceptions.TypeError'>
pyparse err  PREFIX rdfs: <http://www.w3.org/2000/01/rdf-schema#> select ?label ?abstract ?thumbnail where {?resource rdfs:label ?label ; dbpedia-owl:abstract ?abstract . OPTIONAL { ?resource dbpedia-owl:thumbnail ?thumbnail } FILTER( ?resource = <http://dbpedia.org/resource/History_of_cryptography> || ?resource = <http://dbpedia.org/resource/Cryptography> || ?resource = <http://dbpedia.org/resource/Block_size_(cryptography)> || ?resource = <http://dbpedia.org/resource/Cryptanalysis> || ?resource = <http://dbpedia.org/resource/Data_Encryption_Standard> || ?resource = <http://dbpedia.org/resource/HAVAL> || ?resource = <http://dbpedia.org/resource/George_Fabyan> || ?resource = <http://dbpedia.org/resource/Outline_of_cryptography> || ?resource = <http://dbpedia.org/resource/Books_on_cryptography> || ?resource = <http://dbpedia.org/resource/Substitution_cipher> ) filter(langMatches(lang(?abstract),\"en\")) filter(langMatches(lang(?label),\"en\"))}
pyparse err  SELECT ?v WHERE { <http://dbpedia.org/resource/Ethiopia> <http://dbpedia.org/property/gdpNominal> ?v . } LIMIT 1
algebra_structure_feature_vector err <type 'exceptions.TypeError'>
pyparse err  SELECT ?v WHERE { <http://dbpedia.org/resource/Ethiopia> <http://dbpedia.org/property/gdpNominal> ?v . } LIMIT 1
pyparse err  CONSTRUCT  { ?subject ?predicate ?object } WHERE { ?subject ?predicate ?object . FILTER (  ?subject = <http://dbpedia.org/resource/Upper_Brookfield,_Queensland> || ?object = <http://dbpedia.org/resource/Upper_Brookfield,_Queensland>) }
algebra_structure_feature_vector err <type 'exceptions.TypeError'>
pyparse err  CONSTRUCT  { ?subject ?predicate ?object } WHERE { ?subject ?predicate ?object . FILTER (  ?subject = <http://dbpedia.org/resource/Upper_Brookfield,_Queensland> || ?object = <http://dbpedia.org/resource/Upper_Brookfield,_Queensland>) }
pyparse err  CONSTRUCT  { ?subject ?predicate ?object } WHERE { ?subject ?predicate ?object . FILTER (  ?subject = <http://dbpedia.org/resource/Taigum,_Queensland> || ?object = <http://dbpedia.org/resource/Taigum,_Queensland>) }
algebra_structure_feature_vector err <type 'exceptions.TypeError'>
pyparse err  CONSTRUCT  { ?subject ?predicate ?object } WHERE { ?subject ?predicate ?object . FILTER (  ?subject = <http://dbpedia.org/resource/Taigum,_Queensland> || ?object = <http://dbpedia.org/resource/Taigum,_Queensland>) }
pyparse err  CONSTRUCT { <http://dbpedia.org/resource/Diane_Fletcher> ?p1 ?x2 . <http://dbpedia.org/resource/Diane_Fletcher> <http://dbpedia.org/ontology/genre> ?x3 . ?x3 <http://www.w3.org/2000/01/rdf-schema#label> ?x4 . <http://dbpedia.org/resource/Diane_Fletcher> <http://dbpedia.org/ontology/party> ?x5 . ?x5 <http://www.w3.org/2000/01/rdf-schema#label> ?x6 . <http://dbpedia.org/resource/Diane_Fletcher> <http://dbpedia.org/ontology/birthPlace> ?x7 . ?x7 <http://www.w3.org/2000/01/rdf-schema#label> ?x8 . }WHERE { { <http://dbpedia.org/resource/Diane_Fletcher> ?p1 ?x2 . } UNION { {<http://dbpedia.org/resource/Diane_Fletcher> <http://dbpedia.org/ontology/genre> ?x3 . ?x3 <http://www.w3.org/2000/01/rdf-schema#label> ?x4 . } } UNION { {<http://dbpedia.org/resource/Diane_Fletcher> <http://dbpedia.org/ontology/party> ?x5 . ?x5 <http://www.w3.org/2000/01/rdf-schema#label> ?x6 . } } UNION { {<http://dbpedia.org/resource/Diane_Fletcher> <http://dbpedia.org/ontology/birthPlace> ?x7 . ?x7 <http://www.w3.org/2000/01/rdf-schema#label> ?x8 . } } }
algebra_structure_feature_vector err <type 'exceptions.TypeError'>
pyparse err  CONSTRUCT { <http://dbpedia.org/resource/Diane_Fletcher> ?p1 ?x2 . <http://dbpedia.org/resource/Diane_Fletcher> <http://dbpedia.org/ontology/genre> ?x3 . ?x3 <http://www.w3.org/2000/01/rdf-schema#label> ?x4 . <http://dbpedia.org/resource/Diane_Fletcher> <http://dbpedia.org/ontology/party> ?x5 . ?x5 <http://www.w3.org/2000/01/rdf-schema#label> ?x6 . <http://dbpedia.org/resource/Diane_Fletcher> <http://dbpedia.org/ontology/birthPlace> ?x7 . ?x7 <http://www.w3.org/2000/01/rdf-schema#label> ?x8 . }WHERE { { <http://dbpedia.org/resource/Diane_Fletcher> ?p1 ?x2 . } UNION { {<http://dbpedia.org/resource/Diane_Fletcher> <http://dbpedia.org/ontology/genre> ?x3 . ?x3 <http://www.w3.org/2000/01/rdf-schema#label> ?x4 . } } UNION { {<http://dbpedia.org/resource/Diane_Fletcher> <http://dbpedia.org/ontology/party> ?x5 . ?x5 <http://www.w3.org/2000/01/rdf-schema#label> ?x6 . } } UNION { {<http://dbpedia.org/resource/Diane_Fletcher> <http://dbpedia.org/ontology/birthPlace> ?x7 . ?x7 <http://www.w3.org/2000/01/rdf-schema#label> ?x8 . } } }
pyparse err  CONSTRUCT { <http://dbpedia.org/resource/Saif_Salman> ?p1 ?x2 . <http://dbpedia.org/resource/Saif_Salman> <http://dbpedia.org/ontology/genre> ?x3 . ?x3 <http://www.w3.org/2000/01/rdf-schema#label> ?x4 . <http://dbpedia.org/resource/Saif_Salman> <http://dbpedia.org/ontology/party> ?x5 . ?x5 <http://www.w3.org/2000/01/rdf-schema#label> ?x6 . <http://dbpedia.org/resource/Saif_Salman> <http://dbpedia.org/ontology/birthPlace> ?x7 . ?x7 <http://www.w3.org/2000/01/rdf-schema#label> ?x8 . }WHERE { { <http://dbpedia.org/resource/Saif_Salman> ?p1 ?x2 . } UNION { {<http://dbpedia.org/resource/Saif_Salman> <http://dbpedia.org/ontology/genre> ?x3 . ?x3 <http://www.w3.org/2000/01/rdf-schema#label> ?x4 . } } UNION { {<http://dbpedia.org/resource/Saif_Salman> <http://dbpedia.org/ontology/party> ?x5 . ?x5 <http://www.w3.org/2000/01/rdf-schema#label> ?x6 . } } UNION { {<http://dbpedia.org/resource/Saif_Salman> <http://dbpedia.org/ontology/birthPlace> ?x7 . ?x7 <http://www.w3.org/2000/01/rdf-schema#label> ?x8 . } } }
algebra_structure_feature_vector err <type 'exceptions.TypeError'>
pyparse err  CONSTRUCT { <http://dbpedia.org/resource/Saif_Salman> ?p1 ?x2 . <http://dbpedia.org/resource/Saif_Salman> <http://dbpedia.org/ontology/genre> ?x3 . ?x3 <http://www.w3.org/2000/01/rdf-schema#label> ?x4 . <http://dbpedia.org/resource/Saif_Salman> <http://dbpedia.org/ontology/party> ?x5 . ?x5 <http://www.w3.org/2000/01/rdf-schema#label> ?x6 . <http://dbpedia.org/resource/Saif_Salman> <http://dbpedia.org/ontology/birthPlace> ?x7 . ?x7 <http://www.w3.org/2000/01/rdf-schema#label> ?x8 . }WHERE { { <http://dbpedia.org/resource/Saif_Salman> ?p1 ?x2 . } UNION { {<http://dbpedia.org/resource/Saif_Salman> <http://dbpedia.org/ontology/genre> ?x3 . ?x3 <http://www.w3.org/2000/01/rdf-schema#label> ?x4 . } } UNION { {<http://dbpedia.org/resource/Saif_Salman> <http://dbpedia.org/ontology/party> ?x5 . ?x5 <http://www.w3.org/2000/01/rdf-schema#label> ?x6 . } } UNION { {<http://dbpedia.org/resource/Saif_Salman> <http://dbpedia.org/ontology/birthPlace> ?x7 . ?x7 <http://www.w3.org/2000/01/rdf-schema#label> ?x8 . } } }
pyparse err  CONSTRUCT  { ?subject ?predicate ?object } WHERE { ?subject ?predicate ?object . FILTER (  ?subject = <http://dbpedia.org/resource/Newport,_Victoria> || ?object = <http://dbpedia.org/resource/Newport,_Victoria>) }
algebra_structure_feature_vector err <type 'exceptions.TypeError'>
pyparse err  CONSTRUCT  { ?subject ?predicate ?object } WHERE { ?subject ?predicate ?object . FILTER (  ?subject = <http://dbpedia.org/resource/Newport,_Victoria> || ?object = <http://dbpedia.org/resource/Newport,_Victoria>) }
pyparse err  CONSTRUCT  { ?subject ?predicate ?object } WHERE { ?subject ?predicate ?object . FILTER (  ?subject = <http://dbpedia.org/resource/Caulfield_South,_Victoria> || ?object = <http://dbpedia.org/resource/Caulfield_South,_Victoria>) }
algebra_structure_feature_vector err <type 'exceptions.TypeError'>
pyparse err  CONSTRUCT  { ?subject ?predicate ?object } WHERE { ?subject ?predicate ?object . FILTER (  ?subject = <http://dbpedia.org/resource/Caulfield_South,_Victoria> || ?object = <http://dbpedia.org/resource/Caulfield_South,_Victoria>) }
pyparse err  CONSTRUCT  { ?subject ?predicate ?object } WHERE { ?subject ?predicate ?object . FILTER (  ?subject = <http://dbpedia.org/resource/Condell_Park,_New_South_Wales> || ?object = <http://dbpedia.org/resource/Condell_Park,_New_South_Wales>) }
algebra_structure_feature_vector err <type 'exceptions.TypeError'>
pyparse err  CONSTRUCT  { ?subject ?predicate ?object } WHERE { ?subject ?predicate ?object . FILTER (  ?subject = <http://dbpedia.org/resource/Condell_Park,_New_South_Wales> || ?object = <http://dbpedia.org/resource/Condell_Park,_New_South_Wales>) }
pyparse err  CONSTRUCT  { ?subject ?predicate ?object } WHERE { ?subject ?predicate ?object . FILTER (  ?subject = <http://dbpedia.org/resource/Fitzroy_North,_Victoria> || ?object = <http://dbpedia.org/resource/Fitzroy_North,_Victoria>) }
algebra_structure_feature_vector err <type 'exceptions.TypeError'>
pyparse err  CONSTRUCT  { ?subject ?predicate ?object } WHERE { ?subject ?predicate ?object . FILTER (  ?subject = <http://dbpedia.org/resource/Fitzroy_North,_Victoria> || ?object = <http://dbpedia.org/resource/Fitzroy_North,_Victoria>) }
pyparse err  PREFIX rdfs: <http://www.w3.org/2000/01/rdf-schema#> PREFIX wgs84_pos: <http://www.w3.org/2003/01/geo/wgs84_pos#> SELECT ?label ?lat ?long FROM <http://dbpedia.org>WHERE { <http://dbpedia.org/resource/RJ_Scaringe> rdfs:label ?label . OPTIONAL { <http://dbpedia.org/resource/RJ_Scaringe> wgs84_pos:lat ?lat . <http://dbpedia.org/resource/RJ_Scaringe> wgs84_pos:long ?long }}
algebra_structure_feature_vector err <type 'exceptions.TypeError'>
pyparse err  PREFIX rdfs: <http://www.w3.org/2000/01/rdf-schema#> PREFIX wgs84_pos: <http://www.w3.org/2003/01/geo/wgs84_pos#> SELECT ?label ?lat ?long FROM <http://dbpedia.org>WHERE { <http://dbpedia.org/resource/RJ_Scaringe> rdfs:label ?label . OPTIONAL { <http://dbpedia.org/resource/RJ_Scaringe> wgs84_pos:lat ?lat . <http://dbpedia.org/resource/RJ_Scaringe> wgs84_pos:long ?long }}
pyparse err  CONSTRUCT  { ?subject ?predicate ?object } WHERE { ?subject ?predicate ?object . FILTER (  ?subject = <http://dbpedia.org/resource/Avalon_Beach,_New_South_Wales> || ?object = <http://dbpedia.org/resource/Avalon_Beach,_New_South_Wales>) }
algebra_structure_feature_vector err <type 'exceptions.TypeError'>
pyparse err  CONSTRUCT  { ?subject ?predicate ?object } WHERE { ?subject ?predicate ?object . FILTER (  ?subject = <http://dbpedia.org/resource/Avalon_Beach,_New_South_Wales> || ?object = <http://dbpedia.org/resource/Avalon_Beach,_New_South_Wales>) }
pyparse err  CONSTRUCT  { ?subject ?predicate ?object } WHERE { ?subject ?predicate ?object . FILTER (  ?subject = <http://de.dbpedia.org/resource/Sancho_Gracia> || ?object = <http://de.dbpedia.org/resource/Sancho_Gracia>) }
algebra_structure_feature_vector err <type 'exceptions.TypeError'>
pyparse err  CONSTRUCT  { ?subject ?predicate ?object } WHERE { ?subject ?predicate ?object . FILTER (  ?subject = <http://de.dbpedia.org/resource/Sancho_Gracia> || ?object = <http://de.dbpedia.org/resource/Sancho_Gracia>) }
pyparse err  CONSTRUCT  { ?subject ?predicate ?object } WHERE { ?subject ?predicate ?object . FILTER (  ?subject = <http://dbpedia.org/resource/B%C5%99ezina_(Mlad%C3%A1_Boleslav_District)> || ?object = <http://dbpedia.org/resource/B%C5%99ezina_(Mlad%C3%A1_Boleslav_District)>) }
algebra_structure_feature_vector err <type 'exceptions.TypeError'>
pyparse err  CONSTRUCT  { ?subject ?predicate ?object } WHERE { ?subject ?predicate ?object . FILTER (  ?subject = <http://dbpedia.org/resource/B%C5%99ezina_(Mlad%C3%A1_Boleslav_District)> || ?object = <http://dbpedia.org/resource/B%C5%99ezina_(Mlad%C3%A1_Boleslav_District)>) }
pyparse err  PREFIX rdfs: <http://www.w3.org/2000/01/rdf-schema#> PREFIX wgs84_pos: <http://www.w3.org/2003/01/geo/wgs84_pos#> SELECT ?label ?lat ?long FROM <http://dbpedia.org>WHERE { <http://dbpedia.org/resource/Gia_Scala> rdfs:label ?label . OPTIONAL { <http://dbpedia.org/resource/Gia_Scala> wgs84_pos:lat ?lat . <http://dbpedia.org/resource/Gia_Scala> wgs84_pos:long ?long }}
algebra_structure_feature_vector err <type 'exceptions.TypeError'>
pyparse err  PREFIX rdfs: <http://www.w3.org/2000/01/rdf-schema#> PREFIX wgs84_pos: <http://www.w3.org/2003/01/geo/wgs84_pos#> SELECT ?label ?lat ?long FROM <http://dbpedia.org>WHERE { <http://dbpedia.org/resource/Gia_Scala> rdfs:label ?label . OPTIONAL { <http://dbpedia.org/resource/Gia_Scala> wgs84_pos:lat ?lat . <http://dbpedia.org/resource/Gia_Scala> wgs84_pos:long ?long }}
pyparse err  SELECT*{{<http://dbpedia.org/resource/Alan_Hutton> ?po ?x}UNION{?x ?pi <http://dbpedia.org/resource/Alan_Hutton>}}ORDER BY ?pi ?po ?x
algebra_structure_feature_vector err <type 'exceptions.TypeError'>
pyparse err  SELECT*{{<http://dbpedia.org/resource/Alan_Hutton> ?po ?x}UNION{?x ?pi <http://dbpedia.org/resource/Alan_Hutton>}}ORDER BY ?pi ?po ?x
pyparse err  CONSTRUCT  { ?subject ?predicate ?object } WHERE { ?subject ?predicate ?object . FILTER (  ?subject = <http://dbpedia.org/resource/Kazakh_Khanate> || ?object = <http://dbpedia.org/resource/Kazakh_Khanate>) }
algebra_structure_feature_vector err <type 'exceptions.TypeError'>
pyparse err  CONSTRUCT  { ?subject ?predicate ?object } WHERE { ?subject ?predicate ?object . FILTER (  ?subject = <http://dbpedia.org/resource/Kazakh_Khanate> || ?object = <http://dbpedia.org/resource/Kazakh_Khanate>) }
pyparse err  SELECT ?v WHERE { <http://dbpedia.org/resource/Dominican_Republic> <http://www.w3.org/2000/01/rdf-schema#comment> ?v . }
algebra_structure_feature_vector err <type 'exceptions.TypeError'>
pyparse err  SELECT ?v WHERE { <http://dbpedia.org/resource/Dominican_Republic> <http://www.w3.org/2000/01/rdf-schema#comment> ?v . }
pyparse err  SELECT ?v WHERE { <http://dbpedia.org/resource/Ethiopia> <http://dbpedia.org/property/gdpNominalYear> ?v . } LIMIT 1
algebra_structure_feature_vector err <type 'exceptions.TypeError'>
pyparse err  SELECT ?v WHERE { <http://dbpedia.org/resource/Ethiopia> <http://dbpedia.org/property/gdpNominalYear> ?v . } LIMIT 1
pyparse err  CONSTRUCT  { ?subject ?predicate ?object } WHERE { ?subject ?predicate ?object . FILTER (  ?subject = <http://zh.dbpedia.org/resource/Category:洛林人> || ?object = <http://zh.dbpedia.org/resource/Category:洛林人>) }
algebra_structure_feature_vector err <type 'exceptions.TypeError'>
pyparse err  CONSTRUCT  { ?subject ?predicate ?object } WHERE { ?subject ?predicate ?object . FILTER (  ?subject = <http://zh.dbpedia.org/resource/Category:洛林人> || ?object = <http://zh.dbpedia.org/resource/Category:洛林人>) }
pyparse err  PREFIX rdfs: <http://www.w3.org/2000/01/rdf-schema#> SELECT * WHERE { {?city rdfs:label 'Tomares'@en.} UNION { ?alias <http://dbpedia.org/property/redirect> ?city; rdfs:label 'Tomares'@en. } UNION { ?alias <http://dbpedia.org/property/disambiguates> ?city; rdfs:label 'Tomares'@en. } OPTIONAL { ?city <http://dbpedia.org/ontology/abstract> ?abstract} OPTIONAL { ?city geo:lat ?latitude; geo:long ?longitude} OPTIONAL { ?city foaf:depiction ?image } OPTIONAL { ?city rdfs:label ?name } OPTIONAL { ?city foaf:homepage ?home } OPTIONAL { ?city <http://dbpedia.org/ontology/populationTotal> ?population } OPTIONAL { ?city <http://dbpedia.org/ontology/thumbnail> ?thumbnail } FILTER (langMatches( lang(?abstract), 'en'))}
algebra_structure_feature_vector err <type 'exceptions.TypeError'>
pyparse err  PREFIX rdfs: <http://www.w3.org/2000/01/rdf-schema#> SELECT * WHERE { {?city rdfs:label 'Tomares'@en.} UNION { ?alias <http://dbpedia.org/property/redirect> ?city; rdfs:label 'Tomares'@en. } UNION { ?alias <http://dbpedia.org/property/disambiguates> ?city; rdfs:label 'Tomares'@en. } OPTIONAL { ?city <http://dbpedia.org/ontology/abstract> ?abstract} OPTIONAL { ?city geo:lat ?latitude; geo:long ?longitude} OPTIONAL { ?city foaf:depiction ?image } OPTIONAL { ?city rdfs:label ?name } OPTIONAL { ?city foaf:homepage ?home } OPTIONAL { ?city <http://dbpedia.org/ontology/populationTotal> ?population } OPTIONAL { ?city <http://dbpedia.org/ontology/thumbnail> ?thumbnail } FILTER (langMatches( lang(?abstract), 'en'))}
pyparse err  CONSTRUCT  { ?subject ?predicate ?object } WHERE { ?subject ?predicate ?object . FILTER (  ?subject = <http://dbpedia.org/resource/DBL-583> || ?object = <http://dbpedia.org/resource/DBL-583>) }
algebra_structure_feature_vector err <type 'exceptions.TypeError'>
pyparse err  CONSTRUCT  { ?subject ?predicate ?object } WHERE { ?subject ?predicate ?object . FILTER (  ?subject = <http://dbpedia.org/resource/DBL-583> || ?object = <http://dbpedia.org/resource/DBL-583>) }
pyparse err  PREFIX rdfs: <http://www.w3.org/2000/01/rdf-schema#> PREFIX wgs84_pos: <http://www.w3.org/2003/01/geo/wgs84_pos#> SELECT ?label ?lat ?long FROM <http://dbpedia.org>WHERE { <http://dbpedia.org/resource/Elmer_J._Hoffman> rdfs:label ?label . OPTIONAL { <http://dbpedia.org/resource/Elmer_J._Hoffman> wgs84_pos:lat ?lat . <http://dbpedia.org/resource/Elmer_J._Hoffman> wgs84_pos:long ?long }}
algebra_structure_feature_vector err <type 'exceptions.TypeError'>
pyparse err  PREFIX rdfs: <http://www.w3.org/2000/01/rdf-schema#> PREFIX wgs84_pos: <http://www.w3.org/2003/01/geo/wgs84_pos#> SELECT ?label ?lat ?long FROM <http://dbpedia.org>WHERE { <http://dbpedia.org/resource/Elmer_J._Hoffman> rdfs:label ?label . OPTIONAL { <http://dbpedia.org/resource/Elmer_J._Hoffman> wgs84_pos:lat ?lat . <http://dbpedia.org/resource/Elmer_J._Hoffman> wgs84_pos:long ?long }}
pyparse err  CONSTRUCT  { ?subject ?predicate ?object } WHERE { ?subject ?predicate ?object . FILTER (  ?subject = <http://dbpedia.org/resource/Taringa,_Queensland> || ?object = <http://dbpedia.org/resource/Taringa,_Queensland>) }
algebra_structure_feature_vector err <type 'exceptions.TypeError'>
pyparse err  CONSTRUCT  { ?subject ?predicate ?object } WHERE { ?subject ?predicate ?object . FILTER (  ?subject = <http://dbpedia.org/resource/Taringa,_Queensland> || ?object = <http://dbpedia.org/resource/Taringa,_Queensland>) }
pyparse err  PREFIX rdfs: <http://www.w3.org/2000/01/rdf-schema#> SELECT * WHERE { {?city rdfs:label 'Tapiramutá'@en.} UNION { ?alias <http://dbpedia.org/property/redirect> ?city; rdfs:label 'Tapiramutá'@en. } UNION { ?alias <http://dbpedia.org/property/disambiguates> ?city; rdfs:label 'Tapiramutá'@en. } OPTIONAL { ?city <http://dbpedia.org/ontology/abstract> ?abstract} OPTIONAL { ?city geo:lat ?latitude; geo:long ?longitude} OPTIONAL { ?city foaf:depiction ?image } OPTIONAL { ?city rdfs:label ?name } OPTIONAL { ?city foaf:homepage ?home } OPTIONAL { ?city <http://dbpedia.org/ontology/populationTotal> ?population } OPTIONAL { ?city <http://dbpedia.org/ontology/thumbnail> ?thumbnail } FILTER (langMatches( lang(?abstract), 'en'))}
algebra_structure_feature_vector err <type 'exceptions.TypeError'>
pyparse err  PREFIX rdfs: <http://www.w3.org/2000/01/rdf-schema#> SELECT * WHERE { {?city rdfs:label 'Tapiramutá'@en.} UNION { ?alias <http://dbpedia.org/property/redirect> ?city; rdfs:label 'Tapiramutá'@en. } UNION { ?alias <http://dbpedia.org/property/disambiguates> ?city; rdfs:label 'Tapiramutá'@en. } OPTIONAL { ?city <http://dbpedia.org/ontology/abstract> ?abstract} OPTIONAL { ?city geo:lat ?latitude; geo:long ?longitude} OPTIONAL { ?city foaf:depiction ?image } OPTIONAL { ?city rdfs:label ?name } OPTIONAL { ?city foaf:homepage ?home } OPTIONAL { ?city <http://dbpedia.org/ontology/populationTotal> ?population } OPTIONAL { ?city <http://dbpedia.org/ontology/thumbnail> ?thumbnail } FILTER (langMatches( lang(?abstract), 'en'))}
pyparse err  CONSTRUCT { <http://dbpedia.org/resource/Iraq> <http://www.w3.org/1999/02/22-rdf-syntax-ns#type> ?x1 . <http://dbpedia.org/resource/Iraq> <http://www.w3.org/2000/01/rdf-schema#label> ?x2 . }WHERE { { <http://dbpedia.org/resource/Iraq> <http://www.w3.org/1999/02/22-rdf-syntax-ns#type> ?x1 . } UNION { <http://dbpedia.org/resource/Iraq> <http://www.w3.org/2000/01/rdf-schema#label> ?x2 . } }
algebra_structure_feature_vector err <type 'exceptions.TypeError'>
pyparse err  CONSTRUCT { <http://dbpedia.org/resource/Iraq> <http://www.w3.org/1999/02/22-rdf-syntax-ns#type> ?x1 . <http://dbpedia.org/resource/Iraq> <http://www.w3.org/2000/01/rdf-schema#label> ?x2 . }WHERE { { <http://dbpedia.org/resource/Iraq> <http://www.w3.org/1999/02/22-rdf-syntax-ns#type> ?x1 . } UNION { <http://dbpedia.org/resource/Iraq> <http://www.w3.org/2000/01/rdf-schema#label> ?x2 . } }
pyparse err  CONSTRUCT { <http://dbpedia.org/resource/Iraq> ?p1 ?x2 . ?x3 <http://dbpedia.org/ontology/birthPlace> <http://dbpedia.org/resource/Iraq> . ?x3 <http://dbpedia.org/ontology/abstract> ?x4 . ?x5 <http://dbpedia.org/ontology/birthPlace> <http://dbpedia.org/resource/Iraq> . ?x5 <http://xmlns.com/foaf/0.1/name> ?x6 . ?x7 <http://dbpedia.org/ontology/birthPlace> <http://dbpedia.org/resource/Iraq> . ?x7 <http://dbpedia.org/ontology/genre> ?x8 . ?x8 <http://www.w3.org/2000/01/rdf-schema#label> ?x9 . ?x10 <http://dbpedia.org/ontology/birthPlace> <http://dbpedia.org/resource/Iraq> . ?x10 <http://dbpedia.org/ontology/party> ?x11 . ?x11 <http://www.w3.org/2000/01/rdf-schema#label> ?x12 . }WHERE { { <http://dbpedia.org/resource/Iraq> ?p1 ?x2 . } UNION { {?x3 <http://dbpedia.org/ontology/birthPlace> <http://dbpedia.org/resource/Iraq> . ?x3 <http://dbpedia.org/ontology/abstract> ?x4 . } } UNION { {?x5 <http://dbpedia.org/ontology/birthPlace> <http://dbpedia.org/resource/Iraq> . ?x5 <http://xmlns.com/foaf/0.1/name> ?x6 . } } UNION { {?x7 <http://dbpedia.org/ontology/birthPlace> <http://dbpedia.org/resource/Iraq> . ?x7 <http://dbpedia.org/ontology/genre> ?x8 . ?x8 <http://www.w3.org/2000/01/rdf-schema#label> ?x9 . } } UNION { {?x10 <http://dbpedia.org/ontology/birthPlace> <http://dbpedia.org/resource/Iraq> . ?x10 <http://dbpedia.org/ontology/party> ?x11 . ?x11 <http://www.w3.org/2000/01/rdf-schema#label> ?x12 . } } }
algebra_structure_feature_vector err <type 'exceptions.TypeError'>
pyparse err  CONSTRUCT { <http://dbpedia.org/resource/Iraq> ?p1 ?x2 . ?x3 <http://dbpedia.org/ontology/birthPlace> <http://dbpedia.org/resource/Iraq> . ?x3 <http://dbpedia.org/ontology/abstract> ?x4 . ?x5 <http://dbpedia.org/ontology/birthPlace> <http://dbpedia.org/resource/Iraq> . ?x5 <http://xmlns.com/foaf/0.1/name> ?x6 . ?x7 <http://dbpedia.org/ontology/birthPlace> <http://dbpedia.org/resource/Iraq> . ?x7 <http://dbpedia.org/ontology/genre> ?x8 . ?x8 <http://www.w3.org/2000/01/rdf-schema#label> ?x9 . ?x10 <http://dbpedia.org/ontology/birthPlace> <http://dbpedia.org/resource/Iraq> . ?x10 <http://dbpedia.org/ontology/party> ?x11 . ?x11 <http://www.w3.org/2000/01/rdf-schema#label> ?x12 . }WHERE { { <http://dbpedia.org/resource/Iraq> ?p1 ?x2 . } UNION { {?x3 <http://dbpedia.org/ontology/birthPlace> <http://dbpedia.org/resource/Iraq> . ?x3 <http://dbpedia.org/ontology/abstract> ?x4 . } } UNION { {?x5 <http://dbpedia.org/ontology/birthPlace> <http://dbpedia.org/resource/Iraq> . ?x5 <http://xmlns.com/foaf/0.1/name> ?x6 . } } UNION { {?x7 <http://dbpedia.org/ontology/birthPlace> <http://dbpedia.org/resource/Iraq> . ?x7 <http://dbpedia.org/ontology/genre> ?x8 . ?x8 <http://www.w3.org/2000/01/rdf-schema#label> ?x9 . } } UNION { {?x10 <http://dbpedia.org/ontology/birthPlace> <http://dbpedia.org/resource/Iraq> . ?x10 <http://dbpedia.org/ontology/party> ?x11 . ?x11 <http://www.w3.org/2000/01/rdf-schema#label> ?x12 . } } }
pyparse err  CONSTRUCT  { ?subject ?predicate ?object } WHERE { ?subject ?predicate ?object . FILTER (  ?subject = <http://dbpedia.org/resource/Urayasu> || ?object = <http://dbpedia.org/resource/Urayasu>) }
algebra_structure_feature_vector err <type 'exceptions.TypeError'>
pyparse err  CONSTRUCT  { ?subject ?predicate ?object } WHERE { ?subject ?predicate ?object . FILTER (  ?subject = <http://dbpedia.org/resource/Urayasu> || ?object = <http://dbpedia.org/resource/Urayasu>) }
pyparse err  CONSTRUCT  { ?subject ?predicate ?object } WHERE { ?subject ?predicate ?object . FILTER (  ?subject = <http://dbpedia.org/resource/Matcham,_New_South_Wales> || ?object = <http://dbpedia.org/resource/Matcham,_New_South_Wales>) }
algebra_structure_feature_vector err <type 'exceptions.TypeError'>
pyparse err  CONSTRUCT  { ?subject ?predicate ?object } WHERE { ?subject ?predicate ?object . FILTER (  ?subject = <http://dbpedia.org/resource/Matcham,_New_South_Wales> || ?object = <http://dbpedia.org/resource/Matcham,_New_South_Wales>) }
pyparse err  SELECT*{{<http://fr.dbpedia.org/resource/Catégorie:1601_par_pays> ?po ?x}UNION{?x ?pi <http://fr.dbpedia.org/resource/Catégorie:1601_par_pays>}}ORDER BY ?pi ?po ?x
algebra_structure_feature_vector err <type 'exceptions.TypeError'>
pyparse err  SELECT*{{<http://fr.dbpedia.org/resource/Catégorie:1601_par_pays> ?po ?x}UNION{?x ?pi <http://fr.dbpedia.org/resource/Catégorie:1601_par_pays>}}ORDER BY ?pi ?po ?x
pyparse err  SELECT ?v WHERE { <http://dbpedia.org/resource/Dominican_Republic> <http://dbpedia.org/property/gdpNominalYear> ?v . } LIMIT 1
algebra_structure_feature_vector err <type 'exceptions.TypeError'>
pyparse err  SELECT ?v WHERE { <http://dbpedia.org/resource/Dominican_Republic> <http://dbpedia.org/property/gdpNominalYear> ?v . } LIMIT 1
pyparse err  SELECT ?v WHERE { <http://dbpedia.org/resource/Dominican_Republic> <http://dbpedia.org/property/gdpNominal> ?v . } LIMIT 1
algebra_structure_feature_vector err <type 'exceptions.TypeError'>
pyparse err  SELECT ?v WHERE { <http://dbpedia.org/resource/Dominican_Republic> <http://dbpedia.org/property/gdpNominal> ?v . } LIMIT 1
pyparse err  CONSTRUCT  { ?subject ?predicate ?object } WHERE { ?subject ?predicate ?object . FILTER (  ?subject = <http://dbpedia.org/resource/Moorooka,_Queensland> || ?object = <http://dbpedia.org/resource/Moorooka,_Queensland>) }
algebra_structure_feature_vector err <type 'exceptions.TypeError'>
pyparse err  CONSTRUCT  { ?subject ?predicate ?object } WHERE { ?subject ?predicate ?object . FILTER (  ?subject = <http://dbpedia.org/resource/Moorooka,_Queensland> || ?object = <http://dbpedia.org/resource/Moorooka,_Queensland>) }
pyparse err  CONSTRUCT  { ?subject ?predicate ?object } WHERE { ?subject ?predicate ?object . FILTER (  ?subject = <http://dbpedia.org/resource/San_Francisco_Ixhuat%C3%A1n> || ?object = <http://dbpedia.org/resource/San_Francisco_Ixhuat%C3%A1n>) }
algebra_structure_feature_vector err <type 'exceptions.TypeError'>
pyparse err  CONSTRUCT  { ?subject ?predicate ?object } WHERE { ?subject ?predicate ?object . FILTER (  ?subject = <http://dbpedia.org/resource/San_Francisco_Ixhuat%C3%A1n> || ?object = <http://dbpedia.org/resource/San_Francisco_Ixhuat%C3%A1n>) }
pyparse err  PREFIX rdfs: <http://www.w3.org/2000/01/rdf-schema#> SELECT * WHERE { {?city rdfs:label 'Czech Republic'@en.} UNION { ?alias <http://dbpedia.org/property/redirect> ?city; rdfs:label 'Czech Republic'@en. } UNION { ?alias <http://dbpedia.org/property/disambiguates> ?city; rdfs:label 'Czech Republic'@en. } OPTIONAL { ?city <http://dbpedia.org/ontology/abstract> ?abstract} OPTIONAL { ?city geo:lat ?latitude; geo:long ?longitude} OPTIONAL { ?city foaf:depiction ?image } OPTIONAL { ?city rdfs:label ?name } OPTIONAL { ?city foaf:homepage ?home } OPTIONAL { ?city <http://dbpedia.org/ontology/populationTotal> ?population } OPTIONAL { ?city <http://dbpedia.org/ontology/thumbnail> ?thumbnail } FILTER (langMatches( lang(?abstract), 'en'))}
algebra_structure_feature_vector err <type 'exceptions.TypeError'>
pyparse err  PREFIX rdfs: <http://www.w3.org/2000/01/rdf-schema#> SELECT * WHERE { {?city rdfs:label 'Czech Republic'@en.} UNION { ?alias <http://dbpedia.org/property/redirect> ?city; rdfs:label 'Czech Republic'@en. } UNION { ?alias <http://dbpedia.org/property/disambiguates> ?city; rdfs:label 'Czech Republic'@en. } OPTIONAL { ?city <http://dbpedia.org/ontology/abstract> ?abstract} OPTIONAL { ?city geo:lat ?latitude; geo:long ?longitude} OPTIONAL { ?city foaf:depiction ?image } OPTIONAL { ?city rdfs:label ?name } OPTIONAL { ?city foaf:homepage ?home } OPTIONAL { ?city <http://dbpedia.org/ontology/populationTotal> ?population } OPTIONAL { ?city <http://dbpedia.org/ontology/thumbnail> ?thumbnail } FILTER (langMatches( lang(?abstract), 'en'))}
pyparse err  CONSTRUCT  { ?subject ?predicate ?object } WHERE { ?subject ?predicate ?object . FILTER (  ?subject = <http://dbpedia.org/resource/Dudley,_New_South_Wales> || ?object = <http://dbpedia.org/resource/Dudley,_New_South_Wales>) }
algebra_structure_feature_vector err <type 'exceptions.TypeError'>
pyparse err  CONSTRUCT  { ?subject ?predicate ?object } WHERE { ?subject ?predicate ?object . FILTER (  ?subject = <http://dbpedia.org/resource/Dudley,_New_South_Wales> || ?object = <http://dbpedia.org/resource/Dudley,_New_South_Wales>) }
pyparse err  PREFIX rdfs: <http://www.w3.org/2000/01/rdf-schema#> select ?label ?abstract ?thumbnail where {?resource rdfs:label ?label ; dbpedia-owl:abstract ?abstract . OPTIONAL { ?resource dbpedia-owl:thumbnail ?thumbnail } FILTER( ?resource = <http://dbpedia.org/resource/Human_factors_and_ergonomics> || ?resource = <http://dbpedia.org/resource/Human_Factors_and_Ergonomics_Society> || ?resource = <http://dbpedia.org/resource/The_Institute_of_Ergonomics_and_Human_Factors> || ?resource = <http://dbpedia.org/resource/Cryptography> || ?resource = <http://dbpedia.org/resource/Proceedings_of_the_Human_Factors_and_Ergonomics_Society_Annual_Meeting> || ?resource = <http://dbpedia.org/resource/Human_Factors_(journal)> || ?resource = <http://dbpedia.org/resource/Human_reliability> || ?resource = <http://dbpedia.org/resource/Ergonomics_in_Design> || ?resource = <http://dbpedia.org/resource/High-velocity_human_factors> || ?resource = <http://dbpedia.org/resource/Engineering_psychology> ) filter(langMatches(lang(?abstract),\"en\")) filter(langMatches(lang(?label),\"en\"))}
algebra_structure_feature_vector err <type 'exceptions.TypeError'>
pyparse err  PREFIX rdfs: <http://www.w3.org/2000/01/rdf-schema#> select ?label ?abstract ?thumbnail where {?resource rdfs:label ?label ; dbpedia-owl:abstract ?abstract . OPTIONAL { ?resource dbpedia-owl:thumbnail ?thumbnail } FILTER( ?resource = <http://dbpedia.org/resource/Human_factors_and_ergonomics> || ?resource = <http://dbpedia.org/resource/Human_Factors_and_Ergonomics_Society> || ?resource = <http://dbpedia.org/resource/The_Institute_of_Ergonomics_and_Human_Factors> || ?resource = <http://dbpedia.org/resource/Cryptography> || ?resource = <http://dbpedia.org/resource/Proceedings_of_the_Human_Factors_and_Ergonomics_Society_Annual_Meeting> || ?resource = <http://dbpedia.org/resource/Human_Factors_(journal)> || ?resource = <http://dbpedia.org/resource/Human_reliability> || ?resource = <http://dbpedia.org/resource/Ergonomics_in_Design> || ?resource = <http://dbpedia.org/resource/High-velocity_human_factors> || ?resource = <http://dbpedia.org/resource/Engineering_psychology> ) filter(langMatches(lang(?abstract),\"en\")) filter(langMatches(lang(?label),\"en\"))}
pyparse err  SELECT*{{<http://dbpedia.org/resource/Axtaçı> ?po ?x}UNION{?x ?pi <http://dbpedia.org/resource/Axtaçı>}}ORDER BY ?pi ?po ?x
algebra_structure_feature_vector err <type 'exceptions.TypeError'>
pyparse err  SELECT*{{<http://dbpedia.org/resource/Axtaçı> ?po ?x}UNION{?x ?pi <http://dbpedia.org/resource/Axtaçı>}}ORDER BY ?pi ?po ?x
pyparse err  SELECT*{{<http://dbpedia.org/resource/Erwin_Leiser> ?po ?x}UNION{?x ?pi <http://dbpedia.org/resource/Erwin_Leiser>}}ORDER BY ?pi ?po ?x
algebra_structure_feature_vector err <type 'exceptions.TypeError'>
pyparse err  SELECT*{{<http://dbpedia.org/resource/Erwin_Leiser> ?po ?x}UNION{?x ?pi <http://dbpedia.org/resource/Erwin_Leiser>}}ORDER BY ?pi ?po ?x
pyparse err  select ?pageid ?abstract ?thumbnail where {?resource dbpedia-owl:wikiPageID ?pageid ; dbpedia-owl:abstract ?abstract . OPTIONAL { ?resource dbpedia-owl:thumbnail ?thumbnail } FILTER( ?pageid = 9966 || ?pageid = 11162 || ?pageid = 23535 || ?pageid = 24222 || ?pageid = 25009 || ?pageid = 26934 || ?pageid = 30746 || ?pageid = 32818 || ?pageid = 47515 || ?pageid = 53741 || ?pageid = 230424 || ?pageid = 231495 || ?pageid = 274229 || ?pageid = 375843 || ?pageid = 441935 || ?pageid = 1157832 || ?pageid = 2119394 || ?pageid = 2244483 || ?pageid = 3599006 || ?pageid = 7878457 || ?pageid = 18934432 || ?pageid = 28676005 ) filter(langMatches(lang(?abstract),\"en\"))}
algebra_structure_feature_vector err <type 'exceptions.TypeError'>
pyparse err  select ?pageid ?abstract ?thumbnail where {?resource dbpedia-owl:wikiPageID ?pageid ; dbpedia-owl:abstract ?abstract . OPTIONAL { ?resource dbpedia-owl:thumbnail ?thumbnail } FILTER( ?pageid = 9966 || ?pageid = 11162 || ?pageid = 23535 || ?pageid = 24222 || ?pageid = 25009 || ?pageid = 26934 || ?pageid = 30746 || ?pageid = 32818 || ?pageid = 47515 || ?pageid = 53741 || ?pageid = 230424 || ?pageid = 231495 || ?pageid = 274229 || ?pageid = 375843 || ?pageid = 441935 || ?pageid = 1157832 || ?pageid = 2119394 || ?pageid = 2244483 || ?pageid = 3599006 || ?pageid = 7878457 || ?pageid = 18934432 || ?pageid = 28676005 ) filter(langMatches(lang(?abstract),\"en\"))}
pyparse err  PREFIX rdfs: <http://www.w3.org/2000/01/rdf-schema#> SELECT * WHERE { {?city rdfs:label 'Kuito'@en.} UNION { ?alias <http://dbpedia.org/property/redirect> ?city; rdfs:label 'Kuito'@en. } UNION { ?alias <http://dbpedia.org/property/disambiguates> ?city; rdfs:label 'Kuito'@en. } OPTIONAL { ?city <http://dbpedia.org/ontology/abstract> ?abstract} OPTIONAL { ?city geo:lat ?latitude; geo:long ?longitude} OPTIONAL { ?city foaf:depiction ?image } OPTIONAL { ?city rdfs:label ?name } OPTIONAL { ?city foaf:homepage ?home } OPTIONAL { ?city <http://dbpedia.org/ontology/populationTotal> ?population } OPTIONAL { ?city <http://dbpedia.org/ontology/thumbnail> ?thumbnail } FILTER (langMatches( lang(?abstract), 'en'))}
algebra_structure_feature_vector err <type 'exceptions.TypeError'>
pyparse err  PREFIX rdfs: <http://www.w3.org/2000/01/rdf-schema#> SELECT * WHERE { {?city rdfs:label 'Kuito'@en.} UNION { ?alias <http://dbpedia.org/property/redirect> ?city; rdfs:label 'Kuito'@en. } UNION { ?alias <http://dbpedia.org/property/disambiguates> ?city; rdfs:label 'Kuito'@en. } OPTIONAL { ?city <http://dbpedia.org/ontology/abstract> ?abstract} OPTIONAL { ?city geo:lat ?latitude; geo:long ?longitude} OPTIONAL { ?city foaf:depiction ?image } OPTIONAL { ?city rdfs:label ?name } OPTIONAL { ?city foaf:homepage ?home } OPTIONAL { ?city <http://dbpedia.org/ontology/populationTotal> ?population } OPTIONAL { ?city <http://dbpedia.org/ontology/thumbnail> ?thumbnail } FILTER (langMatches( lang(?abstract), 'en'))}
pyparse err  CONSTRUCT  { ?subject ?predicate ?object } WHERE { ?subject ?predicate ?object . FILTER (  ?subject = <http://dbpedia.org/ontology/supply> || ?object = <http://dbpedia.org/ontology/supply>) }
algebra_structure_feature_vector err <type 'exceptions.TypeError'>
pyparse err  CONSTRUCT  { ?subject ?predicate ?object } WHERE { ?subject ?predicate ?object . FILTER (  ?subject = <http://dbpedia.org/ontology/supply> || ?object = <http://dbpedia.org/ontology/supply>) }
pyparse err  CONSTRUCT  { ?subject ?predicate ?object } WHERE { ?subject ?predicate ?object . FILTER (  ?subject = <http://dbpedia.org/resource/Redcliffe,_Queensland> || ?object = <http://dbpedia.org/resource/Redcliffe,_Queensland>) }
algebra_structure_feature_vector err <type 'exceptions.TypeError'>
pyparse err  CONSTRUCT  { ?subject ?predicate ?object } WHERE { ?subject ?predicate ?object . FILTER (  ?subject = <http://dbpedia.org/resource/Redcliffe,_Queensland> || ?object = <http://dbpedia.org/resource/Redcliffe,_Queensland>) }
pyparse err  CONSTRUCT  { ?subject ?predicate ?object } WHERE { ?subject ?predicate ?object . FILTER (  ?subject = <http://dbpedia.org/resource/Hawthorn,_Victoria> || ?object = <http://dbpedia.org/resource/Hawthorn,_Victoria>) }
algebra_structure_feature_vector err <type 'exceptions.TypeError'>
pyparse err  CONSTRUCT  { ?subject ?predicate ?object } WHERE { ?subject ?predicate ?object . FILTER (  ?subject = <http://dbpedia.org/resource/Hawthorn,_Victoria> || ?object = <http://dbpedia.org/resource/Hawthorn,_Victoria>) }
0.844182
